2025-10-31 17:13:25 - === INICIANDO REFATORAÇÃO EASYSAP ===
2025-10-31 17:13:25 - Origem: src
2025-10-31 17:13:25 - Destino: EASYSAP_REFATORADO\src
2025-10-31 17:13:25 - Removendo pasta destino existente...
2025-10-31 17:13:28 - Criando pasta destino...
2025-10-31 17:13:28 - === ETAPA 1: IDENTIFICANDO OBJETOS SAP ===
2025-10-31 17:13:28 - Caminho origem completo: C:\Users\leonardo.portela\Documents\GitHub\SAP_AMAGGI\ZDEV_REFATORADO\src
2025-10-31 17:13:29 - Total de arquivos encontrados: 6080
2025-10-31 17:13:29 - Processando arquivo 100 de 6080...
2025-10-31 17:13:29 - Processando arquivo 200 de 6080...
2025-10-31 17:13:29 - Processando arquivo 300 de 6080...
2025-10-31 17:13:29 - Processando arquivo 400 de 6080...
2025-10-31 17:13:29 - Processando arquivo 500 de 6080...
2025-10-31 17:13:29 - Processando arquivo 600 de 6080...
2025-10-31 17:13:29 - Processando arquivo 700 de 6080...
2025-10-31 17:13:29 - Processando arquivo 800 de 6080...
2025-10-31 17:13:29 - Processando arquivo 900 de 6080...
2025-10-31 17:13:29 - Processando arquivo 1000 de 6080...
2025-10-31 17:13:29 - Processando arquivo 1100 de 6080...
2025-10-31 17:13:29 - Processando arquivo 1200 de 6080...
2025-10-31 17:13:29 - Processando arquivo 1300 de 6080...
2025-10-31 17:13:29 - Processando arquivo 1400 de 6080...
2025-10-31 17:13:29 - Processando arquivo 1500 de 6080...
2025-10-31 17:13:29 - Processando arquivo 1600 de 6080...
2025-10-31 17:13:29 - Processando arquivo 1700 de 6080...
2025-10-31 17:13:29 - Processando arquivo 1800 de 6080...
2025-10-31 17:13:29 - Processando arquivo 1900 de 6080...
2025-10-31 17:13:29 - Processando arquivo 2000 de 6080...
2025-10-31 17:13:29 - Processando arquivo 2100 de 6080...
2025-10-31 17:13:29 - Processando arquivo 2200 de 6080...
2025-10-31 17:13:29 - Processando arquivo 2300 de 6080...
2025-10-31 17:13:29 - Processando arquivo 2400 de 6080...
2025-10-31 17:13:29 - Processando arquivo 2500 de 6080...
2025-10-31 17:13:29 - Processando arquivo 2600 de 6080...
2025-10-31 17:13:29 - Processando arquivo 2700 de 6080...
2025-10-31 17:13:29 - Processando arquivo 2800 de 6080...
2025-10-31 17:13:29 - Processando arquivo 2900 de 6080...
2025-10-31 17:13:29 - Processando arquivo 3000 de 6080...
2025-10-31 17:13:29 - Processando arquivo 3100 de 6080...
2025-10-31 17:13:29 - Processando arquivo 3200 de 6080...
2025-10-31 17:13:29 - Processando arquivo 3300 de 6080...
2025-10-31 17:13:29 - Processando arquivo 3400 de 6080...
2025-10-31 17:13:29 - Processando arquivo 3500 de 6080...
2025-10-31 17:13:29 - Processando arquivo 3600 de 6080...
2025-10-31 17:13:29 - Processando arquivo 3700 de 6080...
2025-10-31 17:13:29 - Processando arquivo 3800 de 6080...
2025-10-31 17:13:29 - Processando arquivo 3900 de 6080...
2025-10-31 17:13:29 - Processando arquivo 4000 de 6080...
2025-10-31 17:13:29 - Processando arquivo 4100 de 6080...
2025-10-31 17:13:29 - Processando arquivo 4200 de 6080...
2025-10-31 17:13:29 - Processando arquivo 4300 de 6080...
2025-10-31 17:13:29 - Processando arquivo 4400 de 6080...
2025-10-31 17:13:29 - Processando arquivo 4500 de 6080...
2025-10-31 17:13:29 - Processando arquivo 4600 de 6080...
2025-10-31 17:13:29 - Processando arquivo 4700 de 6080...
2025-10-31 17:13:29 - Processando arquivo 4800 de 6080...
2025-10-31 17:13:29 - Processando arquivo 4900 de 6080...
2025-10-31 17:13:29 - Processando arquivo 5000 de 6080...
2025-10-31 17:13:29 - Processando arquivo 5100 de 6080...
2025-10-31 17:13:29 - Processando arquivo 5200 de 6080...
2025-10-31 17:13:29 - Processando arquivo 5300 de 6080...
2025-10-31 17:13:29 - Processando arquivo 5400 de 6080...
2025-10-31 17:13:29 - Processando arquivo 5500 de 6080...
2025-10-31 17:13:29 - Processando arquivo 5600 de 6080...
2025-10-31 17:13:29 - Processando arquivo 5700 de 6080...
2025-10-31 17:13:29 - Processando arquivo 5800 de 6080...
2025-10-31 17:13:29 - Processando arquivo 5900 de 6080...
2025-10-31 17:13:29 - Processando arquivo 6000 de 6080...
2025-10-31 17:13:29 - Total de objetos identificados para renomear: 5262
2025-10-31 17:13:30 - Mapeamento salvo em: mapeamento_objetos.csv
2025-10-31 17:13:30 - === ETAPA 2: COPIANDO E RENOMEANDO ARQUIVOS ===
2025-10-31 17:13:39 - Copiando arquivo 100 de 6080...
2025-10-31 17:13:48 - Copiando arquivo 200 de 6080...
2025-10-31 17:13:56 - Copiando arquivo 300 de 6080...
2025-10-31 17:14:06 - Copiando arquivo 400 de 6080...
2025-10-31 17:14:17 - Copiando arquivo 500 de 6080...
2025-10-31 17:14:25 - Copiando arquivo 600 de 6080...
2025-10-31 17:14:33 - Copiando arquivo 700 de 6080...
2025-10-31 17:14:40 - Copiando arquivo 800 de 6080...
2025-10-31 17:14:48 - Copiando arquivo 900 de 6080...
2025-10-31 17:14:59 - Copiando arquivo 1000 de 6080...
2025-10-31 17:15:07 - Copiando arquivo 1100 de 6080...
2025-10-31 17:15:23 - Copiando arquivo 1200 de 6080...
2025-10-31 17:15:32 - Copiando arquivo 1300 de 6080...
2025-10-31 17:15:42 - Copiando arquivo 1400 de 6080...
2025-10-31 17:15:53 - Copiando arquivo 1500 de 6080...
2025-10-31 17:16:04 - Copiando arquivo 1600 de 6080...
2025-10-31 17:16:12 - Copiando arquivo 1700 de 6080...
2025-10-31 17:16:22 - Copiando arquivo 1800 de 6080...
2025-10-31 17:16:29 - Copiando arquivo 1900 de 6080...
2025-10-31 17:16:38 - Copiando arquivo 2000 de 6080...
2025-10-31 17:16:46 - Copiando arquivo 2100 de 6080...
2025-10-31 17:16:55 - Copiando arquivo 2200 de 6080...
2025-10-31 17:17:06 - Copiando arquivo 2300 de 6080...
2025-10-31 17:17:14 - Copiando arquivo 2400 de 6080...
2025-10-31 17:17:23 - Copiando arquivo 2500 de 6080...
2025-10-31 17:17:30 - Copiando arquivo 2600 de 6080...
2025-10-31 17:17:38 - Copiando arquivo 2700 de 6080...
2025-10-31 17:17:46 - Copiando arquivo 2800 de 6080...
2025-10-31 17:17:55 - Copiando arquivo 2900 de 6080...
2025-10-31 17:18:03 - Copiando arquivo 3000 de 6080...
2025-10-31 17:18:11 - Copiando arquivo 3100 de 6080...
2025-10-31 17:18:20 - Copiando arquivo 3200 de 6080...
2025-10-31 17:18:29 - Copiando arquivo 3300 de 6080...
2025-10-31 17:18:37 - Copiando arquivo 3400 de 6080...
2025-10-31 17:18:45 - Copiando arquivo 3500 de 6080...
2025-10-31 17:18:58 - Copiando arquivo 3600 de 6080...
2025-10-31 17:19:08 - Copiando arquivo 3700 de 6080...
2025-10-31 17:19:16 - Copiando arquivo 3800 de 6080...
2025-10-31 17:19:25 - Copiando arquivo 3900 de 6080...
2025-10-31 17:19:34 - Copiando arquivo 4000 de 6080...
2025-10-31 17:19:46 - Copiando arquivo 4100 de 6080...
2025-10-31 17:19:59 - Copiando arquivo 4200 de 6080...
2025-10-31 17:20:10 - Copiando arquivo 4300 de 6080...
2025-10-31 17:20:23 - Copiando arquivo 4400 de 6080...
2025-10-31 17:20:37 - Copiando arquivo 4500 de 6080...
2025-10-31 17:20:47 - Copiando arquivo 4600 de 6080...
2025-10-31 17:20:58 - Copiando arquivo 4700 de 6080...
2025-10-31 17:21:10 - Copiando arquivo 4800 de 6080...
2025-10-31 17:21:21 - Copiando arquivo 4900 de 6080...
2025-10-31 17:21:30 - Copiando arquivo 5000 de 6080...
2025-10-31 17:21:41 - Copiando arquivo 5100 de 6080...
2025-10-31 17:21:53 - Copiando arquivo 5200 de 6080...
2025-10-31 17:22:07 - Copiando arquivo 5300 de 6080...
2025-10-31 17:22:18 - Copiando arquivo 5400 de 6080...
2025-10-31 17:22:34 - Copiando arquivo 5500 de 6080...
2025-10-31 17:22:46 - Copiando arquivo 5600 de 6080...
2025-10-31 17:22:59 - Copiando arquivo 5700 de 6080...
2025-10-31 17:23:15 - Copiando arquivo 5800 de 6080...
2025-10-31 17:23:29 - Copiando arquivo 5900 de 6080...
2025-10-31 17:23:40 - Copiando arquivo 6000 de 6080...
2025-10-31 17:23:49 - === ETAPA 3: SUBSTITUINDO REFERÊNCIAS NOS ARQUIVOS ===
2025-10-31 17:23:49 - Processando substituições em todos os arquivos...
2025-10-31 17:23:53 - Substituindo em arquivo 50 de 6080...
2025-10-31 17:24:08 - Substituindo em arquivo 100 de 6080...
2025-10-31 17:24:11 - Substituindo em arquivo 150 de 6080...
2025-10-31 17:24:15 - Substituindo em arquivo 200 de 6080...
2025-10-31 17:24:35 - Substituindo em arquivo 250 de 6080...
2025-10-31 17:24:44 - Substituindo em arquivo 300 de 6080...
2025-10-31 17:24:54 - Substituindo em arquivo 350 de 6080...
2025-10-31 17:25:11 - Substituindo em arquivo 400 de 6080...
2025-10-31 17:25:16 - Substituindo em arquivo 450 de 6080...
2025-10-31 17:25:21 - Substituindo em arquivo 500 de 6080...
2025-10-31 17:25:27 - Substituindo em arquivo 550 de 6080...
2025-10-31 17:25:31 - Substituindo em arquivo 600 de 6080...
2025-10-31 17:25:36 - Substituindo em arquivo 650 de 6080...
2025-10-31 17:25:39 - Substituindo em arquivo 700 de 6080...
2025-10-31 17:25:42 - Substituindo em arquivo 750 de 6080...
2025-10-31 17:25:46 - Substituindo em arquivo 800 de 6080...
2025-10-31 17:25:50 - Substituindo em arquivo 850 de 6080...
2025-10-31 17:25:53 - Substituindo em arquivo 900 de 6080...
2025-10-31 17:25:57 - Substituindo em arquivo 950 de 6080...
2025-10-31 17:26:00 - Substituindo em arquivo 1000 de 6080...
2025-10-31 17:26:03 - Substituindo em arquivo 1050 de 6080...
2025-10-31 17:26:06 - Substituindo em arquivo 1100 de 6080...
2025-10-31 17:26:09 - Substituindo em arquivo 1150 de 6080...
2025-10-31 17:26:12 - Substituindo em arquivo 1200 de 6080...
2025-10-31 17:26:15 - Substituindo em arquivo 1250 de 6080...
2025-10-31 17:26:18 - Substituindo em arquivo 1300 de 6080...
2025-10-31 17:26:21 - Substituindo em arquivo 1350 de 6080...
2025-10-31 17:26:25 - Substituindo em arquivo 1400 de 6080...
2025-10-31 17:26:28 - Substituindo em arquivo 1450 de 6080...
2025-10-31 17:26:31 - Substituindo em arquivo 1500 de 6080...
2025-10-31 17:26:33 - Substituindo em arquivo 1550 de 6080...
2025-10-31 17:26:36 - Substituindo em arquivo 1600 de 6080...
2025-10-31 17:26:40 - Substituindo em arquivo 1650 de 6080...
2025-10-31 17:26:43 - Substituindo em arquivo 1700 de 6080...
2025-10-31 17:26:45 - Substituindo em arquivo 1750 de 6080...
2025-10-31 17:26:48 - Substituindo em arquivo 1800 de 6080...
2025-10-31 17:26:51 - Substituindo em arquivo 1850 de 6080...
2025-10-31 17:26:54 - Substituindo em arquivo 1900 de 6080...
2025-10-31 17:26:56 - Substituindo em arquivo 1950 de 6080...
2025-10-31 17:26:59 - Substituindo em arquivo 2000 de 6080...
2025-10-31 17:27:03 - Substituindo em arquivo 2050 de 6080...
2025-10-31 17:27:06 - Substituindo em arquivo 2100 de 6080...
2025-10-31 17:27:09 - Substituindo em arquivo 2150 de 6080...
2025-10-31 17:27:12 - Substituindo em arquivo 2200 de 6080...
2025-10-31 17:27:15 - Substituindo em arquivo 2250 de 6080...
2025-10-31 17:27:18 - Substituindo em arquivo 2300 de 6080...
2025-10-31 17:27:20 - Substituindo em arquivo 2350 de 6080...
2025-10-31 17:27:25 - Substituindo em arquivo 2400 de 6080...
2025-10-31 17:27:28 - Substituindo em arquivo 2450 de 6080...
2025-10-31 17:27:30 - Substituindo em arquivo 2500 de 6080...
2025-10-31 17:27:33 - Substituindo em arquivo 2550 de 6080...
2025-10-31 17:27:36 - Substituindo em arquivo 2600 de 6080...
2025-10-31 17:27:38 - Substituindo em arquivo 2650 de 6080...
2025-10-31 17:27:41 - Substituindo em arquivo 2700 de 6080...
2025-10-31 17:27:44 - Substituindo em arquivo 2750 de 6080...
2025-10-31 17:27:47 - Substituindo em arquivo 2800 de 6080...
2025-10-31 17:27:49 - Substituindo em arquivo 2850 de 6080...
2025-10-31 17:27:52 - Substituindo em arquivo 2900 de 6080...
2025-10-31 17:27:55 - Substituindo em arquivo 2950 de 6080...
2025-10-31 17:27:58 - Substituindo em arquivo 3000 de 6080...
2025-10-31 17:28:01 - Substituindo em arquivo 3050 de 6080...
2025-10-31 17:28:04 - Substituindo em arquivo 3100 de 6080...
2025-10-31 17:28:06 - Substituindo em arquivo 3150 de 6080...
2025-10-31 17:28:09 - Substituindo em arquivo 3200 de 6080...
2025-10-31 17:28:12 - Substituindo em arquivo 3250 de 6080...
2025-10-31 17:28:15 - Substituindo em arquivo 3300 de 6080...
2025-10-31 17:28:19 - Substituindo em arquivo 3350 de 6080...
2025-10-31 17:28:23 - Substituindo em arquivo 3400 de 6080...
2025-10-31 17:28:27 - Substituindo em arquivo 3450 de 6080...
2025-10-31 17:28:30 - Substituindo em arquivo 3500 de 6080...
2025-10-31 17:28:33 - Substituindo em arquivo 3550 de 6080...
2025-10-31 17:28:36 - Substituindo em arquivo 3600 de 6080...
2025-10-31 17:28:38 - Substituindo em arquivo 3650 de 6080...
2025-10-31 17:28:44 - Substituindo em arquivo 3700 de 6080...
2025-10-31 17:28:55 - Substituindo em arquivo 3750 de 6080...
2025-10-31 17:29:02 - Substituindo em arquivo 3800 de 6080...
2025-10-31 17:29:08 - Substituindo em arquivo 3850 de 6080...
2025-10-31 17:29:14 - Substituindo em arquivo 3900 de 6080...
2025-10-31 17:29:18 - Substituindo em arquivo 3950 de 6080...
2025-10-31 17:29:23 - Substituindo em arquivo 4000 de 6080...
2025-10-31 17:29:29 - Substituindo em arquivo 4050 de 6080...
2025-10-31 17:29:34 - Substituindo em arquivo 4100 de 6080...
2025-10-31 17:29:37 - Substituindo em arquivo 4150 de 6080...
2025-10-31 17:29:40 - Substituindo em arquivo 4200 de 6080...
2025-10-31 17:29:43 - Substituindo em arquivo 4250 de 6080...
2025-10-31 17:29:46 - Substituindo em arquivo 4300 de 6080...
2025-10-31 17:29:49 - Substituindo em arquivo 4350 de 6080...
2025-10-31 17:29:52 - Substituindo em arquivo 4400 de 6080...
2025-10-31 17:29:55 - Substituindo em arquivo 4450 de 6080...
2025-10-31 17:29:58 - Substituindo em arquivo 4500 de 6080...
2025-10-31 17:30:01 - Substituindo em arquivo 4550 de 6080...
2025-10-31 17:30:04 - Substituindo em arquivo 4600 de 6080...
2025-10-31 17:30:07 - Substituindo em arquivo 4650 de 6080...
2025-10-31 17:30:10 - Substituindo em arquivo 4700 de 6080...
2025-10-31 17:30:14 - Substituindo em arquivo 4750 de 6080...
2025-10-31 17:30:16 - Substituindo em arquivo 4800 de 6080...
2025-10-31 17:30:19 - Substituindo em arquivo 4850 de 6080...
2025-10-31 17:30:23 - Substituindo em arquivo 4900 de 6080...
2025-10-31 17:30:27 - Substituindo em arquivo 4950 de 6080...
2025-10-31 17:30:31 - Substituindo em arquivo 5000 de 6080...
2025-10-31 17:30:34 - Substituindo em arquivo 5050 de 6080...
2025-10-31 17:30:36 - Substituindo em arquivo 5100 de 6080...
2025-10-31 17:30:41 - Substituindo em arquivo 5150 de 6080...
2025-10-31 17:30:45 - Substituindo em arquivo 5200 de 6080...
2025-10-31 17:30:48 - Substituindo em arquivo 5250 de 6080...
2025-10-31 17:30:51 - Substituindo em arquivo 5300 de 6080...
2025-10-31 17:30:54 - Substituindo em arquivo 5350 de 6080...
2025-10-31 17:30:57 - Substituindo em arquivo 5400 de 6080...
2025-10-31 17:31:00 - Substituindo em arquivo 5450 de 6080...
2025-10-31 17:31:03 - Substituindo em arquivo 5500 de 6080...
2025-10-31 17:31:06 - Substituindo em arquivo 5550 de 6080...
2025-10-31 17:31:09 - Substituindo em arquivo 5600 de 6080...
2025-10-31 17:31:12 - Substituindo em arquivo 5650 de 6080...
2025-10-31 17:31:15 - Substituindo em arquivo 5700 de 6080...
2025-10-31 17:31:18 - Substituindo em arquivo 5750 de 6080...
2025-10-31 17:31:21 - Substituindo em arquivo 5800 de 6080...
2025-10-31 17:31:24 - Substituindo em arquivo 5850 de 6080...
2025-10-31 17:31:29 - Substituindo em arquivo 5900 de 6080...
2025-10-31 17:31:32 - Substituindo em arquivo 5950 de 6080...
2025-10-31 17:31:35 - Substituindo em arquivo 6000 de 6080...
2025-10-31 17:31:39 - Substituindo em arquivo 6050 de 6080...
2025-10-31 17:31:43 - === REFATORAÇÃO CONCLUÍDA ===
2025-10-31 17:31:43 - Total de objetos renomeados: 5262
2025-10-31 17:31:43 - Total de arquivos processados: 6080
2025-10-31 17:31:43 - Pasta destino: EASYSAP_REFATORADO\src
2025-10-31 17:31:43 - Log completo: refatoracao_easysap.log
2025-10-31 17:31:43 - Mapeamento: mapeamento_objetos.csv
